<?xml version="1.0" encoding="UTF-8"?>
<!-- Generated by org.testng.reporters.JUnitReportReporter -->
<testsuite hostname="TEKSCHOOL" failures="0" tests="4" name="testNG.basics.TestNGDataProvider" time="0.008" errors="0" timestamp="2023-02-28T20:26:12 EST" skipped="0">
  <testcase classname="testNG.basics.TestNGDataProvider" name="test" time="0.001"/>
  <system-out/>
  <testcase classname="testNG.basics.TestNGDataProvider" name="test" time="0.005"/>
  <system-out/>
  <testcase classname="testNG.basics.TestNGDataProvider" name="test" time="0.001"/>
  <system-out/>
  <testcase classname="testNG.basics.TestNGDataProvider" name="test" time="0.001"/>
  <system-out/>
</testsuite> <!-- testNG.basics.TestNGDataProvider -->
