<?xml version="1.0" encoding="UTF-8"?>
<!-- Generated by org.testng.reporters.JUnitReportReporter -->
<testsuite hostname="TEKSCHOOL" failures="0" tests="1" name="tek.sqa.framework.tests.RetailPageTest" time="18.481" errors="0" timestamp="2023-03-06T20:59:02 EST" skipped="0">
  <testcase classname="tek.sqa.framework.tests.RetailPageTest" name="RetailApplicationTest" time="18.481"/>
  <system-out/>
</testsuite> <!-- tek.sqa.framework.tests.RetailPageTest -->
