<?xml version="1.0" encoding="UTF-8"?>
<!-- Generated by org.testng.reporters.JUnitReportReporter -->
<testsuite hostname="TEKSCHOOL" failures="0" tests="1" name="testNG.basics.TestNGAnnotations" time="0.009" errors="0" timestamp="2023-02-28T20:04:12 EST" skipped="0">
  <testcase classname="testNG.basics.TestNGAnnotations" name="testOne" time="0.009"/>
  <system-out/>
</testsuite> <!-- testNG.basics.TestNGAnnotations -->
