<?xml version="1.0" encoding="UTF-8"?>
<!-- Generated by org.testng.reporters.JUnitReportReporter -->
<testsuite hostname="TEKSCHOOL" failures="0" tests="1" name="testNG.basics.TestNGParameters" time="0.001" errors="0" timestamp="2023-02-28T20:00:08 EST" skipped="0">
  <testcase classname="testNG.basics.TestNGParameters" name="testWithParameters" time="0.001"/>
  <system-out/>
</testsuite> <!-- testNG.basics.TestNGParameters -->
